<?xml version="1.0" encoding="UTF-8"?>
<!-- Generated by org.testng.reporters.JUnitReportReporter -->
<testsuite hostname="LAPTOP-G1QQ13R7" failures="0" tests="1" name="testCases.TC001_AccountRegistrationTest" time="2.306" errors="0" timestamp="2025-03-16T13:18:54 IST" skipped="0">
  <testcase classname="testCases.TC001_AccountRegistrationTest" name="verify_account_registration" time="2.306"/>
</testsuite> <!-- testCases.TC001_AccountRegistrationTest -->
